# JRE version: OpenJDK Runtime Environment Temurin-21.0.6+7 (21.0.6+7) (build 21.0.6+7-LTS)
# Java VM: OpenJDK 64-Bit Server VM Temurin-21.0.6+7 (21.0.6+7-LTS, mixed mode, sharing, tiered, compressed oops, compressed class ptrs, parallel gc, windows-amd64)
GC Precious Log:
 CardTable entry size: 512
 CPUs: 2 total, 2 available
 Memory: 3463M
 Large Page Support: Disabled
 NUMA Support: Disabled
 Compressed Oops: Enabled (32-bit)
 Alignments: Space 512K, Generation 512K, Heap 2M
 Heap Min Capacity: 100M
 Heap Initial Capacity: 100M
 Heap Max Capacity: 1G
 Pre-touch: Disabled
 Parallel Workers: 2
Heap:
 PSYoungGen      total 24064K, used 5170K [0x00000000eab00000, 0x00000000ec780000, 0x0000000100000000)
  eden space 22016K, 23% used [0x00000000eab00000,0x00000000eb00c830,0x00000000ec080000)
  from space 2048K, 0% used [0x00000000ec400000,0x00000000ec400000,0x00000000ec600000)
  to   space 1536K, 0% used [0x00000000ec600000,0x00000000ec600000,0x00000000ec780000)
 ParOldGen       total 68608K, used 17374K [0x00000000c0000000, 0x00000000c4300000, 0x00000000eab00000)
  object space 68608K, 25% used [0x00000000c0000000,0x00000000c10f7a98,0x00000000c4300000)
 Metaspace       used 35449K, committed 36416K, reserved 1114112K
  class space    used 3586K, committed 3968K, reserved 1048576K
GC Heap History (20 events):
Event: 32.049 GC heap before
{Heap before GC invocations=6 (full 0):
 PSYoungGen      total 29184K, used 29164K [0x00000000eab00000, 0x00000000ece80000, 0x0000000100000000)
  eden space 25088K, 100% used [0x00000000eab00000,0x00000000ec380000,0x00000000ec380000)
  from space 4096K, 99% used [0x00000000ec400000,0x00000000ec7fb300,0x00000000ec800000)
  to   space 5632K, 0% used [0x00000000ec900000,0x00000000ec900000,0x00000000ece80000)
 ParOldGen       total 68608K, used 8026K [0x00000000c0000000, 0x00000000c4300000, 0x00000000eab00000)
  object space 68608K, 11% used [0x00000000c0000000,0x00000000c07d68d0,0x00000000c4300000)
 Metaspace       used 18758K, committed 19520K, reserved 1114112K
  class space    used 1885K, committed 2240K, reserved 1048576K
}
Event: 32.063 GC heap after
{Heap after GC invocations=6 (full 0):
 PSYoungGen      total 29696K, used 4639K [0x00000000eab00000, 0x00000000ece00000, 0x0000000100000000)
  eden space 24576K, 0% used [0x00000000eab00000,0x00000000eab00000,0x00000000ec300000)
  from space 5120K, 90% used [0x00000000ec900000,0x00000000ecd87ee0,0x00000000ece00000)
  to   space 5120K, 0% used [0x00000000ec400000,0x00000000ec400000,0x00000000ec900000)
 ParOldGen       total 68608K, used 8034K [0x00000000c0000000, 0x00000000c4300000, 0x00000000eab00000)
  object space 68608K, 11% used [0x00000000c0000000,0x00000000c07d88d0,0x00000000c4300000)
 Metaspace       used 18758K, committed 19520K, reserved 1114112K
  class space    used 1885K, committed 2240K, reserved 1048576K
}
Event: 34.613 GC heap before
{Heap before GC invocations=7 (full 0):
 PSYoungGen      total 29696K, used 17729K [0x00000000eab00000, 0x00000000ece00000, 0x0000000100000000)
  eden space 24576K, 53% used [0x00000000eab00000,0x00000000eb7c8548,0x00000000ec300000)
  from space 5120K, 90% used [0x00000000ec900000,0x00000000ecd87ee0,0x00000000ece00000)
  to   space 5120K, 0% used [0x00000000ec400000,0x00000000ec400000,0x00000000ec900000)
 ParOldGen       total 68608K, used 8034K [0x00000000c0000000, 0x00000000c4300000, 0x00000000eab00000)
  object space 68608K, 11% used [0x00000000c0000000,0x00000000c07d88d0,0x00000000c4300000)
 Metaspace       used 20709K, committed 21504K, reserved 1114112K
  class space    used 2060K, committed 2432K, reserved 1048576K
}
Event: 34.634 GC heap after
{Heap after GC invocations=7 (full 0):
 PSYoungGen      total 29184K, used 4173K [0x00000000eab00000, 0x00000000ecc00000, 0x0000000100000000)
  eden space 24576K, 0% used [0x00000000eab00000,0x00000000eab00000,0x00000000ec300000)
  from space 4608K, 90% used [0x00000000ec400000,0x00000000ec813460,0x00000000ec880000)
  to   space 3584K, 0% used [0x00000000ec880000,0x00000000ec880000,0x00000000ecc00000)
 ParOldGen       total 68608K, used 9236K [0x00000000c0000000, 0x00000000c4300000, 0x00000000eab00000)
  object space 68608K, 13% used [0x00000000c0000000,0x00000000c0905108,0x00000000c4300000)
 Metaspace       used 20709K, committed 21504K, reserved 1114112K
  class space    used 2060K, committed 2432K, reserved 1048576K
}
Event: 34.634 GC heap before
{Heap before GC invocations=8 (full 1):
 PSYoungGen      total 29184K, used 4173K [0x00000000eab00000, 0x00000000ecc00000, 0x0000000100000000)
  eden space 24576K, 0% used [0x00000000eab00000,0x00000000eab00000,0x00000000ec300000)
  from space 4608K, 90% used [0x00000000ec400000,0x00000000ec813460,0x00000000ec880000)
  to   space 3584K, 0% used [0x00000000ec880000,0x00000000ec880000,0x00000000ecc00000)
 ParOldGen       total 68608K, used 9236K [0x00000000c0000000, 0x00000000c4300000, 0x00000000eab00000)
  object space 68608K, 13% used [0x00000000c0000000,0x00000000c0905108,0x00000000c4300000)
 Metaspace       used 20709K, committed 21504K, reserved 1114112K
  class space    used 2060K, committed 2432K, reserved 1048576K
}
Event: 34.753 GC heap after
{Heap after GC invocations=8 (full 1):
 PSYoungGen      total 29184K, used 0K [0x00000000eab00000, 0x00000000ecc00000, 0x0000000100000000)
  eden space 24576K, 0% used [0x00000000eab00000,0x00000000eab00000,0x00000000ec300000)
  from space 4608K, 0% used [0x00000000ec400000,0x00000000ec400000,0x00000000ec880000)
  to   space 3584K, 0% used [0x00000000ec880000,0x00000000ec880000,0x00000000ecc00000)
 ParOldGen       total 68608K, used 12587K [0x00000000c0000000, 0x00000000c4300000, 0x00000000eab00000)
  object space 68608K, 18% used [0x00000000c0000000,0x00000000c0c4af50,0x00000000c4300000)
 Metaspace       used 20696K, committed 21504K, reserved 1114112K
  class space    used 2057K, committed 2432K, reserved 1048576K
}
Event: 38.015 GC heap before
{Heap before GC invocations=9 (full 1):
 PSYoungGen      total 29184K, used 24548K [0x00000000eab00000, 0x00000000ecc00000, 0x0000000100000000)
  eden space 24576K, 99% used [0x00000000eab00000,0x00000000ec2f9290,0x00000000ec300000)
  from space 4608K, 0% used [0x00000000ec400000,0x00000000ec400000,0x00000000ec880000)
  to   space 3584K, 0% used [0x00000000ec880000,0x00000000ec880000,0x00000000ecc00000)
 ParOldGen       total 68608K, used 12587K [0x00000000c0000000, 0x00000000c4300000, 0x00000000eab00000)
  object space 68608K, 18% used [0x00000000c0000000,0x00000000c0c4af50,0x00000000c4300000)
 Metaspace       used 22857K, committed 23616K, reserved 1114112K
  class space    used 2259K, committed 2624K, reserved 1048576K
}
Event: 38.016 GC heap after
{Heap after GC invocations=9 (full 1):
 PSYoungGen      total 24576K, used 415K [0x00000000eab00000, 0x00000000ec900000, 0x0000000100000000)
  eden space 24064K, 0% used [0x00000000eab00000,0x00000000eab00000,0x00000000ec280000)
  from space 512K, 81% used [0x00000000ec880000,0x00000000ec8e7da0,0x00000000ec900000)
  to   space 2048K, 0% used [0x00000000ec500000,0x00000000ec500000,0x00000000ec700000)
 ParOldGen       total 68608K, used 12587K [0x00000000c0000000, 0x00000000c4300000, 0x00000000eab00000)
  object space 68608K, 18% used [0x00000000c0000000,0x00000000c0c4af50,0x00000000c4300000)
 Metaspace       used 22857K, committed 23616K, reserved 1114112K
  class space    used 2259K, committed 2624K, reserved 1048576K
}
Event: 41.121 GC heap before
{Heap before GC invocations=10 (full 1):
 PSYoungGen      total 24576K, used 24479K [0x00000000eab00000, 0x00000000ec900000, 0x0000000100000000)
  eden space 24064K, 100% used [0x00000000eab00000,0x00000000ec280000,0x00000000ec280000)
  from space 512K, 81% used [0x00000000ec880000,0x00000000ec8e7da0,0x00000000ec900000)
  to   space 2048K, 0% used [0x00000000ec500000,0x00000000ec500000,0x00000000ec700000)
 ParOldGen       total 68608K, used 12587K [0x00000000c0000000, 0x00000000c4300000, 0x00000000eab00000)
  object space 68608K, 18% used [0x00000000c0000000,0x00000000c0c4af50,0x00000000c4300000)
 Metaspace       used 26407K, committed 27200K, reserved 1114112K
  class space    used 2630K, committed 2944K, reserved 1048576K
}
Event: 41.124 GC heap after
{Heap after GC invocations=10 (full 1):
 PSYoungGen      total 25600K, used 976K [0x00000000eab00000, 0x00000000ec900000, 0x0000000100000000)
  eden space 23552K, 0% used [0x00000000eab00000,0x00000000eab00000,0x00000000ec200000)
  from space 2048K, 47% used [0x00000000ec500000,0x00000000ec5f4030,0x00000000ec700000)
  to   space 1536K, 0% used [0x00000000ec780000,0x00000000ec780000,0x00000000ec900000)
 ParOldGen       total 68608K, used 12587K [0x00000000c0000000, 0x00000000c4300000, 0x00000000eab00000)
  object space 68608K, 18% used [0x00000000c0000000,0x00000000c0c4af50,0x00000000c4300000)
 Metaspace       used 26407K, committed 27200K, reserved 1114112K
  class space    used 2630K, committed 2944K, reserved 1048576K
}
Event: 43.089 GC heap before
{Heap before GC invocations=11 (full 1):
 PSYoungGen      total 25600K, used 24528K [0x00000000eab00000, 0x00000000ec900000, 0x0000000100000000)
  eden space 23552K, 100% used [0x00000000eab00000,0x00000000ec200000,0x00000000ec200000)
  from space 2048K, 47% used [0x00000000ec500000,0x00000000ec5f4030,0x00000000ec700000)
  to   space 1536K, 0% used [0x00000000ec780000,0x00000000ec780000,0x00000000ec900000)
 ParOldGen       total 68608K, used 12587K [0x00000000c0000000, 0x00000000c4300000, 0x00000000eab00000)
  object space 68608K, 18% used [0x00000000c0000000,0x00000000c0c4af50,0x00000000c4300000)
 Metaspace       used 28292K, committed 29056K, reserved 1114112K
  class space    used 2770K, committed 3136K, reserved 1048576K
}
Event: 43.096 GC heap after
{Heap after GC invocations=11 (full 1):
 PSYoungGen      total 24576K, used 1230K [0x00000000eab00000, 0x00000000ec900000, 0x0000000100000000)
  eden space 23040K, 0% used [0x00000000eab00000,0x00000000eab00000,0x00000000ec180000)
  from space 1536K, 80% used [0x00000000ec780000,0x00000000ec8b3890,0x00000000ec900000)
  to   space 1536K, 0% used [0x00000000ec600000,0x00000000ec600000,0x00000000ec780000)
 ParOldGen       total 68608K, used 14342K [0x00000000c0000000, 0x00000000c4300000, 0x00000000eab00000)
  object space 68608K, 20% used [0x00000000c0000000,0x00000000c0e01980,0x00000000c4300000)
 Metaspace       used 28292K, committed 29056K, reserved 1114112K
  class space    used 2770K, committed 3136K, reserved 1048576K
}
Event: 43.946 GC heap before
{Heap before GC invocations=12 (full 1):
 PSYoungGen      total 24576K, used 24270K [0x00000000eab00000, 0x00000000ec900000, 0x0000000100000000)
  eden space 23040K, 100% used [0x00000000eab00000,0x00000000ec180000,0x00000000ec180000)
  from space 1536K, 80% used [0x00000000ec780000,0x00000000ec8b3890,0x00000000ec900000)
  to   space 1536K, 0% used [0x00000000ec600000,0x00000000ec600000,0x00000000ec780000)
 ParOldGen       total 68608K, used 14342K [0x00000000c0000000, 0x00000000c4300000, 0x00000000eab00000)
  object space 68608K, 20% used [0x00000000c0000000,0x00000000c0e01980,0x00000000c4300000)
 Metaspace       used 29222K, committed 30016K, reserved 1114112K
  class space    used 2870K, committed 3200K, reserved 1048576K
}
Event: 43.956 GC heap after
{Heap after GC invocations=12 (full 1):
 PSYoungGen      total 23552K, used 785K [0x00000000eab00000, 0x00000000ec800000, 0x0000000100000000)
  eden space 22528K, 0% used [0x00000000eab00000,0x00000000eab00000,0x00000000ec100000)
  from space 1024K, 76% used [0x00000000ec600000,0x00000000ec6c4520,0x00000000ec700000)
  to   space 1024K, 0% used [0x00000000ec700000,0x00000000ec700000,0x00000000ec800000)
 ParOldGen       total 68608K, used 15509K [0x00000000c0000000, 0x00000000c4300000, 0x00000000eab00000)
  object space 68608K, 22% used [0x00000000c0000000,0x00000000c0f25718,0x00000000c4300000)
 Metaspace       used 29222K, committed 30016K, reserved 1114112K
  class space    used 2870K, committed 3200K, reserved 1048576K
}
Event: 46.150 GC heap before
{Heap before GC invocations=13 (full 1):
 PSYoungGen      total 23552K, used 23313K [0x00000000eab00000, 0x00000000ec800000, 0x0000000100000000)
  eden space 22528K, 100% used [0x00000000eab00000,0x00000000ec100000,0x00000000ec100000)
  from space 1024K, 76% used [0x00000000ec600000,0x00000000ec6c4520,0x00000000ec700000)
  to   space 1024K, 0% used [0x00000000ec700000,0x00000000ec700000,0x00000000ec800000)
 ParOldGen       total 68608K, used 15509K [0x00000000c0000000, 0x00000000c4300000, 0x00000000eab00000)
  object space 68608K, 22% used [0x00000000c0000000,0x00000000c0f25718,0x00000000c4300000)
 Metaspace       used 32539K, committed 33472K, reserved 1114112K
  class space    used 3224K, committed 3648K, reserved 1048576K
}
Event: 46.158 GC heap after
{Heap after GC invocations=13 (full 1):
 PSYoungGen      total 23040K, used 997K [0x00000000eab00000, 0x00000000ec800000, 0x0000000100000000)
  eden space 22016K, 0% used [0x00000000eab00000,0x00000000eab00000,0x00000000ec080000)
  from space 1024K, 97% used [0x00000000ec700000,0x00000000ec7f9568,0x00000000ec800000)
  to   space 2048K, 0% used [0x00000000ec400000,0x00000000ec400000,0x00000000ec600000)
 ParOldGen       total 68608K, used 16169K [0x00000000c0000000, 0x00000000c4300000, 0x00000000eab00000)
  object space 68608K, 23% used [0x00000000c0000000,0x00000000c0fca778,0x00000000c4300000)
 Metaspace       used 32539K, committed 33472K, reserved 1114112K
  class space    used 3224K, committed 3648K, reserved 1048576K
}
Event: 47.673 GC heap before
{Heap before GC invocations=14 (full 1):
 PSYoungGen      total 23040K, used 18942K [0x00000000eab00000, 0x00000000ec800000, 0x0000000100000000)
  eden space 22016K, 81% used [0x00000000eab00000,0x00000000ebc86368,0x00000000ec080000)
  from space 1024K, 97% used [0x00000000ec700000,0x00000000ec7f9568,0x00000000ec800000)
  to   space 2048K, 0% used [0x00000000ec400000,0x00000000ec400000,0x00000000ec600000)
 ParOldGen       total 68608K, used 16169K [0x00000000c0000000, 0x00000000c4300000, 0x00000000eab00000)
  object space 68608K, 23% used [0x00000000c0000000,0x00000000c0fca778,0x00000000c4300000)
 Metaspace       used 34937K, committed 35840K, reserved 1114112K
  class space    used 3516K, committed 3904K, reserved 1048576K
}
Event: 47.678 GC heap after
{Heap after GC invocations=14 (full 1):
 PSYoungGen      total 24064K, used 899K [0x00000000eab00000, 0x00000000ec780000, 0x0000000100000000)
  eden space 22016K, 0% used [0x00000000eab00000,0x00000000eab00000,0x00000000ec080000)
  from space 2048K, 43% used [0x00000000ec400000,0x00000000ec4e0f40,0x00000000ec600000)
  to   space 1536K, 0% used [0x00000000ec600000,0x00000000ec600000,0x00000000ec780000)
 ParOldGen       total 68608K, used 17096K [0x00000000c0000000, 0x00000000c4300000, 0x00000000eab00000)
  object space 68608K, 24% used [0x00000000c0000000,0x00000000c10b2000,0x00000000c4300000)
 Metaspace       used 34937K, committed 35840K, reserved 1114112K
  class space    used 3516K, committed 3904K, reserved 1048576K
}
Event: 47.678 GC heap before
{Heap before GC invocations=15 (full 2):
 PSYoungGen      total 24064K, used 899K [0x00000000eab00000, 0x00000000ec780000, 0x0000000100000000)
  eden space 22016K, 0% used [0x00000000eab00000,0x00000000eab00000,0x00000000ec080000)
  from space 2048K, 43% used [0x00000000ec400000,0x00000000ec4e0f40,0x00000000ec600000)
  to   space 1536K, 0% used [0x00000000ec600000,0x00000000ec600000,0x00000000ec780000)
 ParOldGen       total 68608K, used 17096K [0x00000000c0000000, 0x00000000c4300000, 0x00000000eab00000)
  object space 68608K, 24% used [0x00000000c0000000,0x00000000c10b2000,0x00000000c4300000)
 Metaspace       used 34937K, committed 35840K, reserved 1114112K
  class space    used 3516K, committed 3904K, reserved 1048576K
}
Event: 47.762 GC heap after
{Heap after GC invocations=15 (full 2):
 PSYoungGen      total 24064K, used 0K [0x00000000eab00000, 0x00000000ec780000, 0x0000000100000000)
  eden space 22016K, 0% used [0x00000000eab00000,0x00000000eab00000,0x00000000ec080000)
  from space 2048K, 0% used [0x00000000ec400000,0x00000000ec400000,0x00000000ec600000)
  to   space 1536K, 0% used [0x00000000ec600000,0x00000000ec600000,0x00000000ec780000)
 ParOldGen       total 68608K, used 17374K [0x00000000c0000000, 0x00000000c4300000, 0x00000000eab00000)
  object space 68608K, 25% used [0x00000000c0000000,0x00000000c10f7a98,0x00000000c4300000)
 Metaspace       used 34937K, committed 35840K, reserved 1114112K
  class space    used 3516K, committed 3904K, reserved 1048576K
}

